app/build/intermediates/manifest_merge_blame_file/debug/manifest-merger-blame-debug-report.txt
1<?xml version="1.0" encoding="utf-8"?>
2<manifest xmlns:android="http://schemas.android.com/apk/res/android"
3    package="com.summitcoaches.app"
4    android:versionCode="1"
5    android:versionName="1.0" >
6
7    <uses-sdk
8        android:minSdkVersion="24"
9        android:targetSdkVersion="34" />
10
11    <!-- Permissions -->
12    <uses-permission android:name="android.permission.INTERNET" />
12-->src\main\AndroidManifest.xml:6:5-67
12-->src\main\AndroidManifest.xml:6:22-64
13    <uses-permission android:name="android.permission.ACCESS_NETWORK_STATE" />
13-->src\main\AndroidManifest.xml:7:5-79
13-->src\main\AndroidManifest.xml:7:22-76
14
15    <permission
15-->[androidx.core:core:1.12.0] AndroidManifest.xml:22:5-24:47
16        android:name="com.summitcoaches.app.DYNAMIC_RECEIVER_NOT_EXPORTED_PERMISSION"
16-->[androidx.core:core:1.12.0] AndroidManifest.xml:23:9-81
17        android:protectionLevel="signature" />
17-->[androidx.core:core:1.12.0] AndroidManifest.xml:24:9-44
18
19    <uses-permission android:name="com.summitcoaches.app.DYNAMIC_RECEIVER_NOT_EXPORTED_PERMISSION" />
19-->[androidx.core:core:1.12.0] AndroidManifest.xml:26:5-97
19-->[androidx.core:core:1.12.0] AndroidManifest.xml:26:22-94
20
21    <application
21-->src\main\AndroidManifest.xml:9:5-86:19
22        android:allowBackup="true"
22-->src\main\AndroidManifest.xml:10:9-35
23        android:appComponentFactory="androidx.core.app.CoreComponentFactory"
23-->[androidx.core:core:1.12.0] AndroidManifest.xml:28:18-86
24        android:dataExtractionRules="@xml/data_extraction_rules"
24-->src\main\AndroidManifest.xml:11:9-65
25        android:debuggable="true"
26        android:extractNativeLibs="false"
27        android:fullBackupContent="@xml/backup_rules"
27-->src\main\AndroidManifest.xml:12:9-54
28        android:icon="@mipmap/ic_launcher"
28-->src\main\AndroidManifest.xml:13:9-43
29        android:label="@string/app_name"
29-->src\main\AndroidManifest.xml:14:9-41
30        android:roundIcon="@mipmap/ic_launcher_round"
30-->src\main\AndroidManifest.xml:15:9-54
31        android:supportsRtl="true"
31-->src\main\AndroidManifest.xml:16:9-35
32        android:testOnly="true"
33        android:theme="@style/Theme.SummitCoaches" >
33-->src\main\AndroidManifest.xml:17:9-51
34
35        <!-- Splash Activity - Main Launcher -->
36        <activity
36-->src\main\AndroidManifest.xml:21:9-29:20
37            android:name="com.summitcoaches.app.activities.SplashActivity"
37-->src\main\AndroidManifest.xml:22:13-54
38            android:exported="true"
38-->src\main\AndroidManifest.xml:23:13-36
39            android:theme="@style/Theme.SummitCoaches.NoActionBar" >
39-->src\main\AndroidManifest.xml:24:13-67
40            <intent-filter>
40-->src\main\AndroidManifest.xml:25:13-28:29
41                <action android:name="android.intent.action.MAIN" />
41-->src\main\AndroidManifest.xml:26:17-69
41-->src\main\AndroidManifest.xml:26:25-66
42
43                <category android:name="android.intent.category.LAUNCHER" />
43-->src\main\AndroidManifest.xml:27:17-77
43-->src\main\AndroidManifest.xml:27:27-74
44            </intent-filter>
45        </activity>
46
47        <!-- Onboarding Activity -->
48        <activity
48-->src\main\AndroidManifest.xml:32:9-35:70
49            android:name="com.summitcoaches.app.activities.OnboardingActivity"
49-->src\main\AndroidManifest.xml:33:13-58
50            android:exported="false"
50-->src\main\AndroidManifest.xml:34:13-37
51            android:theme="@style/Theme.SummitCoaches.NoActionBar" />
51-->src\main\AndroidManifest.xml:35:13-67
52
53        <!-- Login Activity -->
54        <activity
54-->src\main\AndroidManifest.xml:38:9-42:58
55            android:name="com.summitcoaches.app.activities.LoginActivity"
55-->src\main\AndroidManifest.xml:39:13-53
56            android:exported="false"
56-->src\main\AndroidManifest.xml:40:13-37
57            android:theme="@style/Theme.SummitCoaches.NoActionBar"
57-->src\main\AndroidManifest.xml:41:13-67
58            android:windowSoftInputMode="adjustResize" />
58-->src\main\AndroidManifest.xml:42:13-55
59
60        <!-- Register Activity -->
61        <activity
61-->src\main\AndroidManifest.xml:45:9-49:58
62            android:name="com.summitcoaches.app.activities.RegisterActivity"
62-->src\main\AndroidManifest.xml:46:13-56
63            android:exported="false"
63-->src\main\AndroidManifest.xml:47:13-37
64            android:theme="@style/Theme.SummitCoaches.NoActionBar"
64-->src\main\AndroidManifest.xml:48:13-67
65            android:windowSoftInputMode="adjustResize" />
65-->src\main\AndroidManifest.xml:49:13-55
66
67        <!-- Forgot Password Activity -->
68        <activity
68-->src\main\AndroidManifest.xml:52:9-56:58
69            android:name="com.summitcoaches.app.activities.ForgotPasswordActivity"
69-->src\main\AndroidManifest.xml:53:13-62
70            android:exported="false"
70-->src\main\AndroidManifest.xml:54:13-37
71            android:theme="@style/Theme.SummitCoaches.NoActionBar"
71-->src\main\AndroidManifest.xml:55:13-67
72            android:windowSoftInputMode="adjustResize" />
72-->src\main\AndroidManifest.xml:56:13-55
73
74        <!-- Dashboard Activity -->
75        <activity
75-->src\main\AndroidManifest.xml:59:9-62:40
76            android:name="com.summitcoaches.app.activities.DashboardActivity"
76-->src\main\AndroidManifest.xml:60:13-57
77            android:exported="false"
77-->src\main\AndroidManifest.xml:62:13-37
78            android:theme="@style/Theme.SummitCoaches.NoActionBar" />
78-->src\main\AndroidManifest.xml:61:13-67
79
80        <!-- Select Trip Activity -->
81        <activity
81-->src\main\AndroidManifest.xml:65:9-67:40
82            android:name="com.summitcoaches.app.activities.SelectTripActivity"
82-->src\main\AndroidManifest.xml:66:13-58
83            android:exported="false" />
83-->src\main\AndroidManifest.xml:67:13-37
84
85        <!-- Create Booking Activity -->
86        <activity
86-->src\main\AndroidManifest.xml:70:9-73:58
87            android:name="com.summitcoaches.app.activities.CreateBookingActivity"
87-->src\main\AndroidManifest.xml:71:13-61
88            android:exported="false"
88-->src\main\AndroidManifest.xml:72:13-37
89            android:windowSoftInputMode="adjustResize" />
89-->src\main\AndroidManifest.xml:73:13-55
90
91        <!-- Booking History Activity -->
92        <activity
92-->src\main\AndroidManifest.xml:76:9-78:40
93            android:name="com.summitcoaches.app.activities.BookingHistoryActivity"
93-->src\main\AndroidManifest.xml:77:13-62
94            android:exported="false" />
94-->src\main\AndroidManifest.xml:78:13-37
95
96        <!-- Account Details Activity -->
97        <activity
97-->src\main\AndroidManifest.xml:81:9-84:58
98            android:name="com.summitcoaches.app.activities.AccountDetailsActivity"
98-->src\main\AndroidManifest.xml:82:13-62
99            android:exported="false"
99-->src\main\AndroidManifest.xml:83:13-37
100            android:windowSoftInputMode="adjustResize" />
100-->src\main\AndroidManifest.xml:84:13-55
101
102        <provider
102-->[androidx.emoji2:emoji2:1.2.0] AndroidManifest.xml:24:9-32:20
103            android:name="androidx.startup.InitializationProvider"
103-->[androidx.emoji2:emoji2:1.2.0] AndroidManifest.xml:25:13-67
104            android:authorities="com.summitcoaches.app.androidx-startup"
104-->[androidx.emoji2:emoji2:1.2.0] AndroidManifest.xml:26:13-68
105            android:exported="false" >
105-->[androidx.emoji2:emoji2:1.2.0] AndroidManifest.xml:27:13-37
106            <meta-data
106-->[androidx.emoji2:emoji2:1.2.0] AndroidManifest.xml:29:13-31:52
107                android:name="androidx.emoji2.text.EmojiCompatInitializer"
107-->[androidx.emoji2:emoji2:1.2.0] AndroidManifest.xml:30:17-75
108                android:value="androidx.startup" />
108-->[androidx.emoji2:emoji2:1.2.0] AndroidManifest.xml:31:17-49
109            <meta-data
109-->[androidx.lifecycle:lifecycle-process:2.6.1] AndroidManifest.xml:29:13-31:52
110                android:name="androidx.lifecycle.ProcessLifecycleInitializer"
110-->[androidx.lifecycle:lifecycle-process:2.6.1] AndroidManifest.xml:30:17-78
111                android:value="androidx.startup" />
111-->[androidx.lifecycle:lifecycle-process:2.6.1] AndroidManifest.xml:31:17-49
112            <meta-data
112-->[androidx.profileinstaller:profileinstaller:1.3.0] AndroidManifest.xml:29:13-31:52
113                android:name="androidx.profileinstaller.ProfileInstallerInitializer"
113-->[androidx.profileinstaller:profileinstaller:1.3.0] AndroidManifest.xml:30:17-85
114                android:value="androidx.startup" />
114-->[androidx.profileinstaller:profileinstaller:1.3.0] AndroidManifest.xml:31:17-49
115        </provider>
116
117        <receiver
117-->[androidx.profileinstaller:profileinstaller:1.3.0] AndroidManifest.xml:34:9-52:20
118            android:name="androidx.profileinstaller.ProfileInstallReceiver"
118-->[androidx.profileinstaller:profileinstaller:1.3.0] AndroidManifest.xml:35:13-76
119            android:directBootAware="false"
119-->[androidx.profileinstaller:profileinstaller:1.3.0] AndroidManifest.xml:36:13-44
120            android:enabled="true"
120-->[androidx.profileinstaller:profileinstaller:1.3.0] AndroidManifest.xml:37:13-35
121            android:exported="true"
121-->[androidx.profileinstaller:profileinstaller:1.3.0] AndroidManifest.xml:38:13-36
122            android:permission="android.permission.DUMP" >
122-->[androidx.profileinstaller:profileinstaller:1.3.0] AndroidManifest.xml:39:13-57
123            <intent-filter>
123-->[androidx.profileinstaller:profileinstaller:1.3.0] AndroidManifest.xml:40:13-42:29
124                <action android:name="androidx.profileinstaller.action.INSTALL_PROFILE" />
124-->[androidx.profileinstaller:profileinstaller:1.3.0] AndroidManifest.xml:41:17-91
124-->[androidx.profileinstaller:profileinstaller:1.3.0] AndroidManifest.xml:41:25-88
125            </intent-filter>
126            <intent-filter>
126-->[androidx.profileinstaller:profileinstaller:1.3.0] AndroidManifest.xml:43:13-45:29
127                <action android:name="androidx.profileinstaller.action.SKIP_FILE" />
127-->[androidx.profileinstaller:profileinstaller:1.3.0] AndroidManifest.xml:44:17-85
127-->[androidx.profileinstaller:profileinstaller:1.3.0] AndroidManifest.xml:44:25-82
128            </intent-filter>
129            <intent-filter>
129-->[androidx.profileinstaller:profileinstaller:1.3.0] AndroidManifest.xml:46:13-48:29
130                <action android:name="androidx.profileinstaller.action.SAVE_PROFILE" />
130-->[androidx.profileinstaller:profileinstaller:1.3.0] AndroidManifest.xml:47:17-88
130-->[androidx.profileinstaller:profileinstaller:1.3.0] AndroidManifest.xml:47:25-85
131            </intent-filter>
132            <intent-filter>
132-->[androidx.profileinstaller:profileinstaller:1.3.0] AndroidManifest.xml:49:13-51:29
133                <action android:name="androidx.profileinstaller.action.BENCHMARK_OPERATION" />
133-->[androidx.profileinstaller:profileinstaller:1.3.0] AndroidManifest.xml:50:17-95
133-->[androidx.profileinstaller:profileinstaller:1.3.0] AndroidManifest.xml:50:25-92
134            </intent-filter>
135        </receiver>
136    </application>
137
138</manifest>